0 info it worked if it ends with ok
1 verbose cli [ '/usr/bin/nodejs', '/usr/bin/npm', 'run', 'hmr' ]
2 info using npm@3.10.8
3 info using node@v6.9.1
4 verbose run-script [ 'prehmr', 'hmr', 'posthmr' ]
5 info lifecycle @~prehmr: @
6 silly lifecycle @~prehmr: no script for prehmr, continuing
7 info lifecycle @~hmr: @
8 verbose lifecycle @~hmr: unsafe-perm in lifecycle true
9 verbose lifecycle @~hmr: PATH: /usr/lib/node_modules/npm/bin/node-gyp-bin:/mnt/c/Users/uriah/sites/laraspace/node_modules/.bin:/home/uriah/bin:/usr/local/bin:/usr/local/sbin:/usr/local/bin:/usr/sbin:/usr/bin:/sbin:/bin:/usr/games:/usr/local/games:/mnt/c/Windows/System32:/home/uriah/.composer/vendor/bin
10 verbose lifecycle @~hmr: CWD: /mnt/c/Users/uriah/sites/laraspace
11 silly lifecycle @~hmr: Args: [ '-c',
11 silly lifecycle   'cross-env NODE_ENV=development webpack-dev-server --inline --hot --progress' ]
12 silly lifecycle @~hmr: Returned: code: 1  signal: null
13 info lifecycle @~hmr: Failed to exec hmr script
14 verbose stack Error: @ hmr: `cross-env NODE_ENV=development webpack-dev-server --inline --hot --progress`
14 verbose stack Exit status 1
14 verbose stack     at EventEmitter.<anonymous> (/usr/lib/node_modules/npm/lib/utils/lifecycle.js:255:16)
14 verbose stack     at emitTwo (events.js:106:13)
14 verbose stack     at EventEmitter.emit (events.js:191:7)
14 verbose stack     at ChildProcess.<anonymous> (/usr/lib/node_modules/npm/lib/utils/spawn.js:40:14)
14 verbose stack     at emitTwo (events.js:106:13)
14 verbose stack     at ChildProcess.emit (events.js:191:7)
14 verbose stack     at maybeClose (internal/child_process.js:877:16)
14 verbose stack     at Process.ChildProcess._handle.onexit (internal/child_process.js:226:5)
15 verbose pkgid @
16 verbose cwd /mnt/c/Users/uriah/sites/laraspace
17 error Linux 4.4.0-43-Microsoft
18 error argv "/usr/bin/nodejs" "/usr/bin/npm" "run" "hmr"
19 error node v6.9.1
20 error npm  v3.10.8
21 error code ELIFECYCLE
22 error @ hmr: `cross-env NODE_ENV=development webpack-dev-server --inline --hot --progress`
22 error Exit status 1
23 error Failed at the @ hmr script 'cross-env NODE_ENV=development webpack-dev-server --inline --hot --progress'.
23 error Make sure you have the latest version of node.js and npm installed.
23 error If you do, this is most likely a problem with the  package,
23 error not with npm itself.
23 error Tell the author that this fails on your system:
23 error     cross-env NODE_ENV=development webpack-dev-server --inline --hot --progress
23 error You can get information on how to open an issue for this project with:
23 error     npm bugs
23 error Or if that isn't available, you can get their info via:
23 error     npm owner ls
23 error There is likely additional logging output above.
24 verbose exit [ 1, true ]
